0 info it worked if it ends with ok
1 verbose cli [ '/Users/wangfanghua/.nvm/versions/node/v6.9.0/bin/node',
1 verbose cli   '/Users/wangfanghua/.nvm/versions/node/v6.9.0/bin/npm',
1 verbose cli   'start' ]
2 info using npm@3.10.8
3 info using node@v6.9.0
4 verbose run-script [ 'prestart', 'start', 'poststart' ]
5 info lifecycle ardemo@1.0.0~prestart: ardemo@1.0.0
6 silly lifecycle ardemo@1.0.0~prestart: no script for prestart, continuing
7 info lifecycle ardemo@1.0.0~start: ardemo@1.0.0
8 verbose lifecycle ardemo@1.0.0~start: unsafe-perm in lifecycle true
9 verbose lifecycle ardemo@1.0.0~start: PATH: /Users/wangfanghua/.nvm/versions/node/v6.9.0/lib/node_modules/npm/bin/node-gyp-bin:/Users/wangfanghua/projects/demos/arDemo/node_modules/.bin:/Users/wangfanghua/.yarn/bin:/Users/wangfanghua/.config/yarn/global/node_modules/.bin:/Users/wangfanghua/.nvm/versions/node/v6.9.0/bin:/usr/local/bin:/usr/bin:/bin:/usr/sbin:/sbin:/Applications/Wireshark.app/Contents/MacOS:/Users/wangfanghua/.yarn/bin:/Users/wangfanghua/.config/yarn/global/node_modules/.bin:/Users/wangfanghua/Library/Android/sdk/platform-tools:/usr/local/mysql/bin:/Users/wangfanghua/Library/Android/sdk/platform-tools:/usr/local/mysql/bin
10 verbose lifecycle ardemo@1.0.0~start: CWD: /Users/wangfanghua/projects/demos/arDemo
11 silly lifecycle ardemo@1.0.0~start: Args: [ '-c',
11 silly lifecycle   'node node_modules/react-native/local-cli/cli.js start' ]
12 silly lifecycle ardemo@1.0.0~start: Returned: code: 1  signal: null
13 info lifecycle ardemo@1.0.0~start: Failed to exec start script
14 verbose stack Error: ardemo@1.0.0 start: `node node_modules/react-native/local-cli/cli.js start`
14 verbose stack Exit status 1
14 verbose stack     at EventEmitter.<anonymous> (/Users/wangfanghua/.nvm/versions/node/v6.9.0/lib/node_modules/npm/lib/utils/lifecycle.js:255:16)
14 verbose stack     at emitTwo (events.js:106:13)
14 verbose stack     at EventEmitter.emit (events.js:191:7)
14 verbose stack     at ChildProcess.<anonymous> (/Users/wangfanghua/.nvm/versions/node/v6.9.0/lib/node_modules/npm/lib/utils/spawn.js:40:14)
14 verbose stack     at emitTwo (events.js:106:13)
14 verbose stack     at ChildProcess.emit (events.js:191:7)
14 verbose stack     at maybeClose (internal/child_process.js:877:16)
14 verbose stack     at Process.ChildProcess._handle.onexit (internal/child_process.js:226:5)
15 verbose pkgid ardemo@1.0.0
16 verbose cwd /Users/wangfanghua/projects/demos/arDemo
17 error Darwin 17.6.0
18 error argv "/Users/wangfanghua/.nvm/versions/node/v6.9.0/bin/node" "/Users/wangfanghua/.nvm/versions/node/v6.9.0/bin/npm" "start"
19 error node v6.9.0
20 error npm  v3.10.8
21 error code ELIFECYCLE
22 error ardemo@1.0.0 start: `node node_modules/react-native/local-cli/cli.js start`
22 error Exit status 1
23 error Failed at the ardemo@1.0.0 start script 'node node_modules/react-native/local-cli/cli.js start'.
23 error Make sure you have the latest version of node.js and npm installed.
23 error If you do, this is most likely a problem with the ardemo package,
23 error not with npm itself.
23 error Tell the author that this fails on your system:
23 error     node node_modules/react-native/local-cli/cli.js start
23 error You can get information on how to open an issue for this project with:
23 error     npm bugs ardemo
23 error Or if that isn't available, you can get their info via:
23 error     npm owner ls ardemo
23 error There is likely additional logging output above.
24 verbose exit [ 1, true ]
